
Showing logs for build [32mcb-kubecd-environment-pr-186-3-vbd2d-1[0m stage [32mfrom-build-pack[0m and container [32mstep-credential-initializer-ffvgf[0m
{"level":"warn","ts":1584725128.7247725,"logger":"fallback-logger","caller":"logging/config.go:69","msg":"Fetch GitHub commit ID from kodata failed: \"ref: refs/heads/0.8.0-**-support-backwards-incompats\" is not a valid GitHub commit ID"}
{"level":"info","ts":1584725128.7250633,"logger":"fallback-logger","caller":"creds-init/main.go:40","msg":"Credentials initialized."}

Showing logs for build [32mcb-kubecd-environment-pr-186-3-vbd2d-1[0m stage [32mfrom-build-pack[0m and container [32mstep-working-dir-initializer-wvr5t[0m
{"level":"warn","ts":1584725129.6860313,"logger":"fallback-logger","caller":"logging/config.go:69","msg":"Fetch GitHub commit ID from kodata failed: open /var/run/ko/HEAD: no such file or directory"}
{"level":"info","ts":1584725129.6870067,"logger":"fallback-logger","caller":"bash/main.go:64","msg":"Successfully executed command \"sh -c mkdir -p /workspace/source\"; output "}

Showing logs for build [32mcb-kubecd-environment-pr-186-3-vbd2d-1[0m stage [32mfrom-build-pack[0m and container [32mstep-place-tools[0m

Showing logs for build [32mcb-kubecd-environment-pr-186-3-vbd2d-1[0m stage [32mfrom-build-pack[0m and container [32mstep-git-source-cb-kubecd-environment-pr-186-3-vbd2d-qhmbk[0m
{"level":"warn","ts":1584725132.763396,"logger":"fallback-logger","caller":"logging/config.go:69","msg":"Fetch GitHub commit ID from kodata failed: \"ref: refs/heads/0.8.0-**-support-backwards-incompats\" is not a valid GitHub commit ID"}
{"level":"info","ts":1584725132.971867,"logger":"fallback-logger","caller":"git/git.go:103","msg":"Successfully cloned https://github.com/cb-kubecd/environment-pr-186-3-boot-eks-production.git @ master in path /workspace/source"}

Showing logs for build [32mcb-kubecd-environment-pr-186-3-vbd2d-1[0m stage [32mfrom-build-pack[0m and container [32mstep-git-merge[0m
Using SHAs from PULL_REFS=master:94d077069bc45d9da1f5ae295a5e979748491e57,1:fe2506b8a01ee992bf635bac9b0bc28db69e043a
DEBUG: LC_ALL=C JX_LOG_LEVEL=error git fetch origin --unshallow fe2506b8a01ee992bf635bac9b0bc28db69e043a: 94d077069bc45d9da1f5ae295a5e979748491e57:
DEBUG: ran git fetch --unshallow origin fe2506b8a01ee992bf635bac9b0bc28db69e043a: 94d077069bc45d9da1f5ae295a5e979748491e57: in 
DEBUG: LC_ALL=C JX_LOG_LEVEL=error git branch
DEBUG: LC_ALL=C JX_LOG_LEVEL=error git checkout master
DEBUG: ran git checkout master in 
DEBUG: JX_LOG_LEVEL=error LC_ALL=C git reset --hard 94d077069bc45d9da1f5ae295a5e979748491e57
DEBUG: ran git reset --hard 94d077069bc45d9da1f5ae295a5e979748491e57 in 
DEBUG: JX_LOG_LEVEL=error LC_ALL=C git clean -fd .
DEBUG: ran clean --force -d . in 
DEBUG: LC_ALL=C JX_LOG_LEVEL=error git merge fe2506b8a01ee992bf635bac9b0bc28db69e043a
DEBUG: ran git merge fe2506b8a01ee992bf635bac9b0bc28db69e043a in 
DEBUG: LC_ALL=C JX_LOG_LEVEL=error git log --format=%H%x1f%an%x1f%ae%x1f%cn%x1f%ce%x1f%s%n%b%x1e 94d077069bc45d9da1f5ae295a5e979748491e57..HEAD
Merged SHA fe2506b8a01ee992bf635bac9b0bc28db69e043a with commit message 'chore: Promote bdd-spring-1584723904 to version 0.0.1' into base branch master

Showing logs for build [32mcb-kubecd-environment-pr-186-3-vbd2d-1[0m stage [32mfrom-build-pack[0m and container [32mstep-build-helm-build[0m
WARNING: No $CHART_REPOSITORY defined so using the default value of: http://jenkins-x-chartmuseum:8080
Adding missing Helm repo: storage.googleapis.com https://storage.googleapis.com/chartmuseum.jenkins-x.io
WARNING: No secrets found on "helm/repos" due: reading the secret "helm/repos" from vault: no secret "helm/repos" not found in vault
Read credentials for https://storage.googleapis.com/chartmuseum.jenkins-x.io from vault helm/repos
Successfully added Helm repository storage.googleapis.com.
Adding missing Helm repo: jenkins-x-chartmuseum http://jenkins-x-chartmuseum:8080
WARNING: No secrets found on "helm/repos" due: reading the secret "helm/repos" from vault: no secret "helm/repos" not found in vault
Read credentials for http://jenkins-x-chartmuseum:8080 from vault helm/repos
Successfully added Helm repository jenkins-x-chartmuseum.
WARNING: No $CHART_REPOSITORY defined so using the default value of: http://jenkins-x-chartmuseum:8080
Adding missing Helm repo: chartmuseum.jenkins-x.io http://chartmuseum.jenkins-x.io
WARNING: No secrets found on "helm/repos" due: reading the secret "helm/repos" from vault: no secret "helm/repos" not found in vault
Read credentials for http://chartmuseum.jenkins-x.io from vault helm/repos
Successfully added Helm repository chartmuseum.jenkins-x.io.
